Determining if the pthread_create exist failed with the following output:
Change Dir: /home/danielg/RotomBotto/catkin_ws/build/CMakeFiles/CMakeTmp

Run Build Command:"/usr/bin/make" "cmTC_ce210/fast"
/usr/bin/make -f CMakeFiles/cmTC_ce210.dir/build.make CMakeFiles/cmTC_ce210.dir/build
make[1]: se entra en el directorio '/home/danielg/RotomBotto/catkin_ws/build/CMakeFiles/CMakeTmp'
Building C object CMakeFiles/cmTC_ce210.dir/CheckSymbolExists.c.o
/usr/bin/cc     -o CMakeFiles/cmTC_ce210.dir/CheckSymbolExists.c.o   -c /home/danielg/RotomBotto/catkin_ws/build/CMakeFiles/CMakeTmp/CheckSymbolExists.c
Linking C executable cmTC_ce210
/usr/bin/cmake -E cmake_link_script CMakeFiles/cmTC_ce210.dir/link.txt --verbose=1
/usr/bin/cc       CMakeFiles/cmTC_ce210.dir/CheckSymbolExists.c.o  -o cmTC_ce210 -rdynamic 
CMakeFiles/cmTC_ce210.dir/CheckSymbolExists.c.o: En la función `main':
CheckSymbolExists.c:(.text+0x16): referencia a `pthread_create' sin definir
collect2: error: ld returned 1 exit status
CMakeFiles/cmTC_ce210.dir/build.make:97: fallo en las instrucciones para el objetivo 'cmTC_ce210'
make[1]: *** [cmTC_ce210] Error 1
make[1]: se sale del directorio '/home/danielg/RotomBotto/catkin_ws/build/CMakeFiles/CMakeTmp'
Makefile:126: fallo en las instrucciones para el objetivo 'cmTC_ce210/fast'
make: *** [cmTC_ce210/fast] Error 2

File /home/danielg/RotomBotto/catkin_ws/build/CMakeFiles/CMakeTmp/CheckSymbolExists.c:
/* */
#include <pthread.h>

int main(int argc, char** argv)
{
  (void)argv;
#ifndef pthread_create
  return ((int*)(&pthread_create))[argc];
#else
  (void)argc;
  return 0;
#endif
}

Determining if the function pthread_create exists in the pthreads failed with the following output:
Change Dir: /home/danielg/RotomBotto/catkin_ws/build/CMakeFiles/CMakeTmp

Run Build Command:"/usr/bin/make" "cmTC_800c9/fast"
/usr/bin/make -f CMakeFiles/cmTC_800c9.dir/build.make CMakeFiles/cmTC_800c9.dir/build
make[1]: se entra en el directorio '/home/danielg/RotomBotto/catkin_ws/build/CMakeFiles/CMakeTmp'
Building C object CMakeFiles/cmTC_800c9.dir/CheckFunctionExists.c.o
/usr/bin/cc    -DCHECK_FUNCTION_EXISTS=pthread_create   -o CMakeFiles/cmTC_800c9.dir/CheckFunctionExists.c.o   -c /usr/share/cmake-3.5/Modules/CheckFunctionExists.c
Linking C executable cmTC_800c9
/usr/bin/cmake -E cmake_link_script CMakeFiles/cmTC_800c9.dir/link.txt --verbose=1
/usr/bin/cc   -DCHECK_FUNCTION_EXISTS=pthread_create    CMakeFiles/cmTC_800c9.dir/CheckFunctionExists.c.o  -o cmTC_800c9 -rdynamic -lpthreads 
/usr/bin/ld: no se puede encontrar -lpthreads
collect2: error: ld returned 1 exit status
CMakeFiles/cmTC_800c9.dir/build.make:97: fallo en las instrucciones para el objetivo 'cmTC_800c9'
make[1]: *** [cmTC_800c9] Error 1
make[1]: se sale del directorio '/home/danielg/RotomBotto/catkin_ws/build/CMakeFiles/CMakeTmp'
Makefile:126: fallo en las instrucciones para el objetivo 'cmTC_800c9/fast'
make: *** [cmTC_800c9/fast] Error 2


